I, [2013-12-27T16:27:13.843565 #16356]  INFO -- : Started GET "/course_event/4" for 172.16.100.24 at 2013-12-27 16:27:13 +0000
I, [2013-12-27T16:27:13.887594 #16356]  INFO -- : Processing by Course::EventsController#show as */*
I, [2013-12-27T16:27:13.887778 #16356]  INFO -- :   Parameters: {"id"=>"4"}
I, [2013-12-27T16:27:13.913037 #16356]  INFO -- : Completed 500 Internal Server Error in 25ms
F, [2013-12-27T16:27:13.915790 #16356] FATAL -- : 
ActiveRecord::StatementInvalid (Could not find table 'course_events'):
  app/controllers/course/events_controller.rb:77:in `set_course_event'


I, [2013-12-27T16:27:17.506039 #16356]  INFO -- : Started GET "/" for 172.16.100.24 at 2013-12-27 16:27:17 +0000
I, [2013-12-27T16:27:17.508431 #16356]  INFO -- : Processing by RootController#index as HTML
I, [2013-12-27T16:27:17.513020 #16356]  INFO -- :   Rendered root/index.html.erb within layouts/application (0.6ms)
I, [2013-12-27T16:27:17.515785 #16356]  INFO -- : Completed 200 OK in 7ms (Views: 5.6ms | ActiveRecord: 0.0ms)
I, [2013-12-27T16:27:17.540221 #16356]  INFO -- : Started GET "/assets/application-b4eb004520ee45f201023972c50ebf3e.js" for 172.16.100.24 at 2013-12-27 16:27:17 +0000
F, [2013-12-27T16:27:17.542410 #16356] FATAL -- : 
ActionController::RoutingError (No route matches [GET] "/assets/application-b4eb004520ee45f201023972c50ebf3e.js"):
  actionpack (4.0.2) lib/action_dispatch/middleware/debug_exceptions.rb:21:in `call'
  actionpack (4.0.2) lib/action_dispatch/middleware/show_exceptions.rb:30:in `call'
  railties (4.0.2) lib/rails/rack/logger.rb:38:in `call_app'
  railties (4.0.2) lib/rails/rack/logger.rb:20:in `block in call'
  activesupport (4.0.2) lib/active_support/tagged_logging.rb:67:in `block in tagged'
  activesupport (4.0.2) lib/active_support/tagged_logging.rb:25:in `tagged'
  activesupport (4.0.2) lib/active_support/tagged_logging.rb:67:in `tagged'
  railties (4.0.2) lib/rails/rack/logger.rb:20:in `call'
  actionpack (4.0.2) lib/action_dispatch/middleware/request_id.rb:21:in `call'
  rack (1.5.2) lib/rack/methodoverride.rb:21:in `call'
  rack (1.5.2) lib/rack/runtime.rb:17:in `call'
  activesupport (4.0.2) lib/active_support/cache/strategy/local_cache.rb:83:in `call'
  rack (1.5.2) lib/rack/sendfile.rb:112:in `call'
  railties (4.0.2) lib/rails/engine.rb:511:in `call'
  railties (4.0.2) lib/rails/application.rb:97:in `call'
  rack (1.5.2) lib/rack/content_length.rb:14:in `call'
  thin (1.5.1) lib/thin/connection.rb:81:in `block in pre_process'
  thin (1.5.1) lib/thin/connection.rb:79:in `catch'
  thin (1.5.1) lib/thin/connection.rb:79:in `pre_process'
  thin (1.5.1) lib/thin/connection.rb:54:in `process'
  thin (1.5.1) lib/thin/connection.rb:39:in `receive_data'
  eventmachine (1.0.3) lib/eventmachine.rb:187:in `run_machine'
  eventmachine (1.0.3) lib/eventmachine.rb:187:in `run'
  thin (1.5.1) lib/thin/backends/base.rb:63:in `start'
  thin (1.5.1) lib/thin/server.rb:159:in `start'
  rack (1.5.2) lib/rack/handler/thin.rb:16:in `run'
  rack (1.5.2) lib/rack/server.rb:264:in `start'
  railties (4.0.2) lib/rails/commands/server.rb:84:in `start'
  railties (4.0.2) lib/rails/commands.rb:76:in `block in <top (required)>'
  railties (4.0.2) lib/rails/commands.rb:71:in `tap'
  railties (4.0.2) lib/rails/commands.rb:71:in `<top (required)>'
  bin/rails:4:in `require'
  bin/rails:4:in `<main>'


I, [2013-12-27T16:27:17.543741 #16356]  INFO -- : Started GET "/assets/application-6f9c06329f7030273254e924cb6d0a7d.css" for 172.16.100.24 at 2013-12-27 16:27:17 +0000
F, [2013-12-27T16:27:17.545795 #16356] FATAL -- : 
ActionController::RoutingError (No route matches [GET] "/assets/application-6f9c06329f7030273254e924cb6d0a7d.css"):
  actionpack (4.0.2) lib/action_dispatch/middleware/debug_exceptions.rb:21:in `call'
  actionpack (4.0.2) lib/action_dispatch/middleware/show_exceptions.rb:30:in `call'
  railties (4.0.2) lib/rails/rack/logger.rb:38:in `call_app'
  railties (4.0.2) lib/rails/rack/logger.rb:20:in `block in call'
  activesupport (4.0.2) lib/active_support/tagged_logging.rb:67:in `block in tagged'
  activesupport (4.0.2) lib/active_support/tagged_logging.rb:25:in `tagged'
  activesupport (4.0.2) lib/active_support/tagged_logging.rb:67:in `tagged'
  railties (4.0.2) lib/rails/rack/logger.rb:20:in `call'
  actionpack (4.0.2) lib/action_dispatch/middleware/request_id.rb:21:in `call'
  rack (1.5.2) lib/rack/methodoverride.rb:21:in `call'
  rack (1.5.2) lib/rack/runtime.rb:17:in `call'
  activesupport (4.0.2) lib/active_support/cache/strategy/local_cache.rb:83:in `call'
  rack (1.5.2) lib/rack/sendfile.rb:112:in `call'
  railties (4.0.2) lib/rails/engine.rb:511:in `call'
  railties (4.0.2) lib/rails/application.rb:97:in `call'
  rack (1.5.2) lib/rack/content_length.rb:14:in `call'
  thin (1.5.1) lib/thin/connection.rb:81:in `block in pre_process'
  thin (1.5.1) lib/thin/connection.rb:79:in `catch'
  thin (1.5.1) lib/thin/connection.rb:79:in `pre_process'
  thin (1.5.1) lib/thin/connection.rb:54:in `process'
  thin (1.5.1) lib/thin/connection.rb:39:in `receive_data'
  eventmachine (1.0.3) lib/eventmachine.rb:187:in `run_machine'
  eventmachine (1.0.3) lib/eventmachine.rb:187:in `run'
  thin (1.5.1) lib/thin/backends/base.rb:63:in `start'
  thin (1.5.1) lib/thin/server.rb:159:in `start'
  rack (1.5.2) lib/rack/handler/thin.rb:16:in `run'
  rack (1.5.2) lib/rack/server.rb:264:in `start'
  railties (4.0.2) lib/rails/commands/server.rb:84:in `start'
  railties (4.0.2) lib/rails/commands.rb:76:in `block in <top (required)>'
  railties (4.0.2) lib/rails/commands.rb:71:in `tap'
  railties (4.0.2) lib/rails/commands.rb:71:in `<top (required)>'
  bin/rails:4:in `require'
  bin/rails:4:in `<main>'


I, [2013-12-27T16:29:29.991566 #16460]  INFO -- : Started GET "/" for 172.16.100.24 at 2013-12-27 16:29:29 +0000
I, [2013-12-27T16:29:30.035190 #16460]  INFO -- : Processing by RootController#index as HTML
I, [2013-12-27T16:29:30.061719 #16460]  INFO -- :   Rendered root/index.html.erb within layouts/application (0.6ms)
I, [2013-12-27T16:29:30.064524 #16460]  INFO -- : Completed 200 OK in 29ms (Views: 5.6ms | ActiveRecord: 0.0ms)
I, [2013-12-27T16:29:30.092335 #16460]  INFO -- : Started GET "/assets/application-2bc8eea0680911b0da511776a3c0ec3c.css" for 172.16.100.24 at 2013-12-27 16:29:30 +0000
F, [2013-12-27T16:29:30.094625 #16460] FATAL -- : 
ActionController::RoutingError (No route matches [GET] "/assets/application-2bc8eea0680911b0da511776a3c0ec3c.css"):
  actionpack (4.0.2) lib/action_dispatch/middleware/debug_exceptions.rb:21:in `call'
  actionpack (4.0.2) lib/action_dispatch/middleware/show_exceptions.rb:30:in `call'
  railties (4.0.2) lib/rails/rack/logger.rb:38:in `call_app'
  railties (4.0.2) lib/rails/rack/logger.rb:20:in `block in call'
  activesupport (4.0.2) lib/active_support/tagged_logging.rb:67:in `block in tagged'
  activesupport (4.0.2) lib/active_support/tagged_logging.rb:25:in `tagged'
  activesupport (4.0.2) lib/active_support/tagged_logging.rb:67:in `tagged'
  railties (4.0.2) lib/rails/rack/logger.rb:20:in `call'
  actionpack (4.0.2) lib/action_dispatch/middleware/request_id.rb:21:in `call'
  rack (1.5.2) lib/rack/methodoverride.rb:21:in `call'
  rack (1.5.2) lib/rack/runtime.rb:17:in `call'
  activesupport (4.0.2) lib/active_support/cache/strategy/local_cache.rb:83:in `call'
  rack (1.5.2) lib/rack/sendfile.rb:112:in `call'
  railties (4.0.2) lib/rails/engine.rb:511:in `call'
  railties (4.0.2) lib/rails/application.rb:97:in `call'
  rack (1.5.2) lib/rack/content_length.rb:14:in `call'
  thin (1.5.1) lib/thin/connection.rb:81:in `block in pre_process'
  thin (1.5.1) lib/thin/connection.rb:79:in `catch'
  thin (1.5.1) lib/thin/connection.rb:79:in `pre_process'
  thin (1.5.1) lib/thin/connection.rb:54:in `process'
  thin (1.5.1) lib/thin/connection.rb:39:in `receive_data'
  eventmachine (1.0.3) lib/eventmachine.rb:187:in `run_machine'
  eventmachine (1.0.3) lib/eventmachine.rb:187:in `run'
  thin (1.5.1) lib/thin/backends/base.rb:63:in `start'
  thin (1.5.1) lib/thin/server.rb:159:in `start'
  rack (1.5.2) lib/rack/handler/thin.rb:16:in `run'
  rack (1.5.2) lib/rack/server.rb:264:in `start'
  railties (4.0.2) lib/rails/commands/server.rb:84:in `start'
  railties (4.0.2) lib/rails/commands.rb:76:in `block in <top (required)>'
  railties (4.0.2) lib/rails/commands.rb:71:in `tap'
  railties (4.0.2) lib/rails/commands.rb:71:in `<top (required)>'
  bin/rails:4:in `require'
  bin/rails:4:in `<main>'


I, [2013-12-27T16:29:30.096113 #16460]  INFO -- : Started GET "/assets/application-506974c6b5e804e96808099843e1b5cf.js" for 172.16.100.24 at 2013-12-27 16:29:30 +0000
F, [2013-12-27T16:29:30.098144 #16460] FATAL -- : 
ActionController::RoutingError (No route matches [GET] "/assets/application-506974c6b5e804e96808099843e1b5cf.js"):
  actionpack (4.0.2) lib/action_dispatch/middleware/debug_exceptions.rb:21:in `call'
  actionpack (4.0.2) lib/action_dispatch/middleware/show_exceptions.rb:30:in `call'
  railties (4.0.2) lib/rails/rack/logger.rb:38:in `call_app'
  railties (4.0.2) lib/rails/rack/logger.rb:20:in `block in call'
  activesupport (4.0.2) lib/active_support/tagged_logging.rb:67:in `block in tagged'
  activesupport (4.0.2) lib/active_support/tagged_logging.rb:25:in `tagged'
  activesupport (4.0.2) lib/active_support/tagged_logging.rb:67:in `tagged'
  railties (4.0.2) lib/rails/rack/logger.rb:20:in `call'
  actionpack (4.0.2) lib/action_dispatch/middleware/request_id.rb:21:in `call'
  rack (1.5.2) lib/rack/methodoverride.rb:21:in `call'
  rack (1.5.2) lib/rack/runtime.rb:17:in `call'
  activesupport (4.0.2) lib/active_support/cache/strategy/local_cache.rb:83:in `call'
  rack (1.5.2) lib/rack/sendfile.rb:112:in `call'
  railties (4.0.2) lib/rails/engine.rb:511:in `call'
  railties (4.0.2) lib/rails/application.rb:97:in `call'
  rack (1.5.2) lib/rack/content_length.rb:14:in `call'
  thin (1.5.1) lib/thin/connection.rb:81:in `block in pre_process'
  thin (1.5.1) lib/thin/connection.rb:79:in `catch'
  thin (1.5.1) lib/thin/connection.rb:79:in `pre_process'
  thin (1.5.1) lib/thin/connection.rb:54:in `process'
  thin (1.5.1) lib/thin/connection.rb:39:in `receive_data'
  eventmachine (1.0.3) lib/eventmachine.rb:187:in `run_machine'
  eventmachine (1.0.3) lib/eventmachine.rb:187:in `run'
  thin (1.5.1) lib/thin/backends/base.rb:63:in `start'
  thin (1.5.1) lib/thin/server.rb:159:in `start'
  rack (1.5.2) lib/rack/handler/thin.rb:16:in `run'
  rack (1.5.2) lib/rack/server.rb:264:in `start'
  railties (4.0.2) lib/rails/commands/server.rb:84:in `start'
  railties (4.0.2) lib/rails/commands.rb:76:in `block in <top (required)>'
  railties (4.0.2) lib/rails/commands.rb:71:in `tap'
  railties (4.0.2) lib/rails/commands.rb:71:in `<top (required)>'
  bin/rails:4:in `require'
  bin/rails:4:in `<main>'


I, [2013-12-27T16:29:57.865629 #16460]  INFO -- : Started GET "/" for 172.16.100.24 at 2013-12-27 16:29:57 +0000
I, [2013-12-27T16:29:57.867797 #16460]  INFO -- : Processing by RootController#index as */*
I, [2013-12-27T16:29:57.873427 #16460]  INFO -- :   Rendered root/index.html.erb within layouts/application (0.5ms)
I, [2013-12-27T16:29:57.875293 #16460]  INFO -- : Completed 200 OK in 7ms (Views: 6.2ms | ActiveRecord: 0.0ms)
I, [2013-12-27T16:29:57.879754 #16460]  INFO -- : Started GET "/assets/application-506974c6b5e804e96808099843e1b5cf.js" for 172.16.100.24 at 2013-12-27 16:29:57 +0000
F, [2013-12-27T16:29:57.881935 #16460] FATAL -- : 
ActionController::RoutingError (No route matches [GET] "/assets/application-506974c6b5e804e96808099843e1b5cf.js"):
  actionpack (4.0.2) lib/action_dispatch/middleware/debug_exceptions.rb:21:in `call'
  actionpack (4.0.2) lib/action_dispatch/middleware/show_exceptions.rb:30:in `call'
  railties (4.0.2) lib/rails/rack/logger.rb:38:in `call_app'
  railties (4.0.2) lib/rails/rack/logger.rb:20:in `block in call'
  activesupport (4.0.2) lib/active_support/tagged_logging.rb:67:in `block in tagged'
  activesupport (4.0.2) lib/active_support/tagged_logging.rb:25:in `tagged'
  activesupport (4.0.2) lib/active_support/tagged_logging.rb:67:in `tagged'
  railties (4.0.2) lib/rails/rack/logger.rb:20:in `call'
  actionpack (4.0.2) lib/action_dispatch/middleware/request_id.rb:21:in `call'
  rack (1.5.2) lib/rack/methodoverride.rb:21:in `call'
  rack (1.5.2) lib/rack/runtime.rb:17:in `call'
  activesupport (4.0.2) lib/active_support/cache/strategy/local_cache.rb:83:in `call'
  rack (1.5.2) lib/rack/sendfile.rb:112:in `call'
  railties (4.0.2) lib/rails/engine.rb:511:in `call'
  railties (4.0.2) lib/rails/application.rb:97:in `call'
  rack (1.5.2) lib/rack/content_length.rb:14:in `call'
  thin (1.5.1) lib/thin/connection.rb:81:in `block in pre_process'
  thin (1.5.1) lib/thin/connection.rb:79:in `catch'
  thin (1.5.1) lib/thin/connection.rb:79:in `pre_process'
  thin (1.5.1) lib/thin/connection.rb:54:in `process'
  thin (1.5.1) lib/thin/connection.rb:39:in `receive_data'
  eventmachine (1.0.3) lib/eventmachine.rb:187:in `run_machine'
  eventmachine (1.0.3) lib/eventmachine.rb:187:in `run'
  thin (1.5.1) lib/thin/backends/base.rb:63:in `start'
  thin (1.5.1) lib/thin/server.rb:159:in `start'
  rack (1.5.2) lib/rack/handler/thin.rb:16:in `run'
  rack (1.5.2) lib/rack/server.rb:264:in `start'
  railties (4.0.2) lib/rails/commands/server.rb:84:in `start'
  railties (4.0.2) lib/rails/commands.rb:76:in `block in <top (required)>'
  railties (4.0.2) lib/rails/commands.rb:71:in `tap'
  railties (4.0.2) lib/rails/commands.rb:71:in `<top (required)>'
  bin/rails:4:in `require'
  bin/rails:4:in `<main>'


I, [2013-12-27T16:29:57.883220 #16460]  INFO -- : Started GET "/assets/application-2bc8eea0680911b0da511776a3c0ec3c.css" for 172.16.100.24 at 2013-12-27 16:29:57 +0000
F, [2013-12-27T16:29:57.885319 #16460] FATAL -- : 
ActionController::RoutingError (No route matches [GET] "/assets/application-2bc8eea0680911b0da511776a3c0ec3c.css"):
  actionpack (4.0.2) lib/action_dispatch/middleware/debug_exceptions.rb:21:in `call'
  actionpack (4.0.2) lib/action_dispatch/middleware/show_exceptions.rb:30:in `call'
  railties (4.0.2) lib/rails/rack/logger.rb:38:in `call_app'
  railties (4.0.2) lib/rails/rack/logger.rb:20:in `block in call'
  activesupport (4.0.2) lib/active_support/tagged_logging.rb:67:in `block in tagged'
  activesupport (4.0.2) lib/active_support/tagged_logging.rb:25:in `tagged'
  activesupport (4.0.2) lib/active_support/tagged_logging.rb:67:in `tagged'
  railties (4.0.2) lib/rails/rack/logger.rb:20:in `call'
  actionpack (4.0.2) lib/action_dispatch/middleware/request_id.rb:21:in `call'
  rack (1.5.2) lib/rack/methodoverride.rb:21:in `call'
  rack (1.5.2) lib/rack/runtime.rb:17:in `call'
  activesupport (4.0.2) lib/active_support/cache/strategy/local_cache.rb:83:in `call'
  rack (1.5.2) lib/rack/sendfile.rb:112:in `call'
  railties (4.0.2) lib/rails/engine.rb:511:in `call'
  railties (4.0.2) lib/rails/application.rb:97:in `call'
  rack (1.5.2) lib/rack/content_length.rb:14:in `call'
  thin (1.5.1) lib/thin/connection.rb:81:in `block in pre_process'
  thin (1.5.1) lib/thin/connection.rb:79:in `catch'
  thin (1.5.1) lib/thin/connection.rb:79:in `pre_process'
  thin (1.5.1) lib/thin/connection.rb:54:in `process'
  thin (1.5.1) lib/thin/connection.rb:39:in `receive_data'
  eventmachine (1.0.3) lib/eventmachine.rb:187:in `run_machine'
  eventmachine (1.0.3) lib/eventmachine.rb:187:in `run'
  thin (1.5.1) lib/thin/backends/base.rb:63:in `start'
  thin (1.5.1) lib/thin/server.rb:159:in `start'
  rack (1.5.2) lib/rack/handler/thin.rb:16:in `run'
  rack (1.5.2) lib/rack/server.rb:264:in `start'
  railties (4.0.2) lib/rails/commands/server.rb:84:in `start'
  railties (4.0.2) lib/rails/commands.rb:76:in `block in <top (required)>'
  railties (4.0.2) lib/rails/commands.rb:71:in `tap'
  railties (4.0.2) lib/rails/commands.rb:71:in `<top (required)>'
  bin/rails:4:in `require'
  bin/rails:4:in `<main>'


I, [2013-12-27T16:30:00.765245 #16460]  INFO -- : Started GET "/" for 172.16.100.24 at 2013-12-27 16:30:00 +0000
I, [2013-12-27T16:30:00.766631 #16460]  INFO -- : Processing by RootController#index as HTML
I, [2013-12-27T16:30:00.768335 #16460]  INFO -- :   Rendered root/index.html.erb within layouts/application (0.1ms)
I, [2013-12-27T16:30:00.769579 #16460]  INFO -- : Completed 200 OK in 3ms (Views: 1.8ms | ActiveRecord: 0.0ms)
I, [2013-12-27T16:30:00.775014 #16460]  INFO -- : Started GET "/assets/application-2bc8eea0680911b0da511776a3c0ec3c.css" for 172.16.100.24 at 2013-12-27 16:30:00 +0000
F, [2013-12-27T16:30:00.777097 #16460] FATAL -- : 
ActionController::RoutingError (No route matches [GET] "/assets/application-2bc8eea0680911b0da511776a3c0ec3c.css"):
  actionpack (4.0.2) lib/action_dispatch/middleware/debug_exceptions.rb:21:in `call'
  actionpack (4.0.2) lib/action_dispatch/middleware/show_exceptions.rb:30:in `call'
  railties (4.0.2) lib/rails/rack/logger.rb:38:in `call_app'
  railties (4.0.2) lib/rails/rack/logger.rb:20:in `block in call'
  activesupport (4.0.2) lib/active_support/tagged_logging.rb:67:in `block in tagged'
  activesupport (4.0.2) lib/active_support/tagged_logging.rb:25:in `tagged'
  activesupport (4.0.2) lib/active_support/tagged_logging.rb:67:in `tagged'
  railties (4.0.2) lib/rails/rack/logger.rb:20:in `call'
  actionpack (4.0.2) lib/action_dispatch/middleware/request_id.rb:21:in `call'
  rack (1.5.2) lib/rack/methodoverride.rb:21:in `call'
  rack (1.5.2) lib/rack/runtime.rb:17:in `call'
  activesupport (4.0.2) lib/active_support/cache/strategy/local_cache.rb:83:in `call'
  rack (1.5.2) lib/rack/sendfile.rb:112:in `call'
  railties (4.0.2) lib/rails/engine.rb:511:in `call'
  railties (4.0.2) lib/rails/application.rb:97:in `call'
  rack (1.5.2) lib/rack/content_length.rb:14:in `call'
  thin (1.5.1) lib/thin/connection.rb:81:in `block in pre_process'
  thin (1.5.1) lib/thin/connection.rb:79:in `catch'
  thin (1.5.1) lib/thin/connection.rb:79:in `pre_process'
  thin (1.5.1) lib/thin/connection.rb:54:in `process'
  thin (1.5.1) lib/thin/connection.rb:39:in `receive_data'
  eventmachine (1.0.3) lib/eventmachine.rb:187:in `run_machine'
  eventmachine (1.0.3) lib/eventmachine.rb:187:in `run'
  thin (1.5.1) lib/thin/backends/base.rb:63:in `start'
  thin (1.5.1) lib/thin/server.rb:159:in `start'
  rack (1.5.2) lib/rack/handler/thin.rb:16:in `run'
  rack (1.5.2) lib/rack/server.rb:264:in `start'
  railties (4.0.2) lib/rails/commands/server.rb:84:in `start'
  railties (4.0.2) lib/rails/commands.rb:76:in `block in <top (required)>'
  railties (4.0.2) lib/rails/commands.rb:71:in `tap'
  railties (4.0.2) lib/rails/commands.rb:71:in `<top (required)>'
  bin/rails:4:in `require'
  bin/rails:4:in `<main>'


I, [2013-12-27T16:30:00.778246 #16460]  INFO -- : Started GET "/assets/application-506974c6b5e804e96808099843e1b5cf.js" for 172.16.100.24 at 2013-12-27 16:30:00 +0000
F, [2013-12-27T16:30:00.780288 #16460] FATAL -- : 
ActionController::RoutingError (No route matches [GET] "/assets/application-506974c6b5e804e96808099843e1b5cf.js"):
  actionpack (4.0.2) lib/action_dispatch/middleware/debug_exceptions.rb:21:in `call'
  actionpack (4.0.2) lib/action_dispatch/middleware/show_exceptions.rb:30:in `call'
  railties (4.0.2) lib/rails/rack/logger.rb:38:in `call_app'
  railties (4.0.2) lib/rails/rack/logger.rb:20:in `block in call'
  activesupport (4.0.2) lib/active_support/tagged_logging.rb:67:in `block in tagged'
  activesupport (4.0.2) lib/active_support/tagged_logging.rb:25:in `tagged'
  activesupport (4.0.2) lib/active_support/tagged_logging.rb:67:in `tagged'
  railties (4.0.2) lib/rails/rack/logger.rb:20:in `call'
  actionpack (4.0.2) lib/action_dispatch/middleware/request_id.rb:21:in `call'
  rack (1.5.2) lib/rack/methodoverride.rb:21:in `call'
  rack (1.5.2) lib/rack/runtime.rb:17:in `call'
  activesupport (4.0.2) lib/active_support/cache/strategy/local_cache.rb:83:in `call'
  rack (1.5.2) lib/rack/sendfile.rb:112:in `call'
  railties (4.0.2) lib/rails/engine.rb:511:in `call'
  railties (4.0.2) lib/rails/application.rb:97:in `call'
  rack (1.5.2) lib/rack/content_length.rb:14:in `call'
  thin (1.5.1) lib/thin/connection.rb:81:in `block in pre_process'
  thin (1.5.1) lib/thin/connection.rb:79:in `catch'
  thin (1.5.1) lib/thin/connection.rb:79:in `pre_process'
  thin (1.5.1) lib/thin/connection.rb:54:in `process'
  thin (1.5.1) lib/thin/connection.rb:39:in `receive_data'
  eventmachine (1.0.3) lib/eventmachine.rb:187:in `run_machine'
  eventmachine (1.0.3) lib/eventmachine.rb:187:in `run'
  thin (1.5.1) lib/thin/backends/base.rb:63:in `start'
  thin (1.5.1) lib/thin/server.rb:159:in `start'
  rack (1.5.2) lib/rack/handler/thin.rb:16:in `run'
  rack (1.5.2) lib/rack/server.rb:264:in `start'
  railties (4.0.2) lib/rails/commands/server.rb:84:in `start'
  railties (4.0.2) lib/rails/commands.rb:76:in `block in <top (required)>'
  railties (4.0.2) lib/rails/commands.rb:71:in `tap'
  railties (4.0.2) lib/rails/commands.rb:71:in `<top (required)>'
  bin/rails:4:in `require'
  bin/rails:4:in `<main>'


I, [2013-12-27T16:30:18.798076 #16486]  INFO -- : Started GET "/" for 172.16.100.24 at 2013-12-27 16:30:18 +0000
I, [2013-12-27T16:30:18.841585 #16486]  INFO -- : Processing by RootController#index as */*
I, [2013-12-27T16:30:18.870513 #16486]  INFO -- :   Rendered root/index.html.erb within layouts/application (0.6ms)
I, [2013-12-27T16:30:18.873345 #16486]  INFO -- : Completed 200 OK in 31ms (Views: 8.0ms | ActiveRecord: 0.0ms)
I, [2013-12-27T16:30:18.882052 #16486]  INFO -- : Started GET "/assets/application-2bc8eea0680911b0da511776a3c0ec3c.css" for 172.16.100.24 at 2013-12-27 16:30:18 +0000
F, [2013-12-27T16:30:18.884328 #16486] FATAL -- : 
ActionController::RoutingError (No route matches [GET] "/assets/application-2bc8eea0680911b0da511776a3c0ec3c.css"):
  actionpack (4.0.2) lib/action_dispatch/middleware/debug_exceptions.rb:21:in `call'
  actionpack (4.0.2) lib/action_dispatch/middleware/show_exceptions.rb:30:in `call'
  railties (4.0.2) lib/rails/rack/logger.rb:38:in `call_app'
  railties (4.0.2) lib/rails/rack/logger.rb:20:in `block in call'
  activesupport (4.0.2) lib/active_support/tagged_logging.rb:67:in `block in tagged'
  activesupport (4.0.2) lib/active_support/tagged_logging.rb:25:in `tagged'
  activesupport (4.0.2) lib/active_support/tagged_logging.rb:67:in `tagged'
  railties (4.0.2) lib/rails/rack/logger.rb:20:in `call'
  actionpack (4.0.2) lib/action_dispatch/middleware/request_id.rb:21:in `call'
  rack (1.5.2) lib/rack/methodoverride.rb:21:in `call'
  rack (1.5.2) lib/rack/runtime.rb:17:in `call'
  activesupport (4.0.2) lib/active_support/cache/strategy/local_cache.rb:83:in `call'
  rack (1.5.2) lib/rack/sendfile.rb:112:in `call'
  railties (4.0.2) lib/rails/engine.rb:511:in `call'
  railties (4.0.2) lib/rails/application.rb:97:in `call'
  rack (1.5.2) lib/rack/content_length.rb:14:in `call'
  thin (1.5.1) lib/thin/connection.rb:81:in `block in pre_process'
  thin (1.5.1) lib/thin/connection.rb:79:in `catch'
  thin (1.5.1) lib/thin/connection.rb:79:in `pre_process'
  thin (1.5.1) lib/thin/connection.rb:54:in `process'
  thin (1.5.1) lib/thin/connection.rb:39:in `receive_data'
  eventmachine (1.0.3) lib/eventmachine.rb:187:in `run_machine'
  eventmachine (1.0.3) lib/eventmachine.rb:187:in `run'
  thin (1.5.1) lib/thin/backends/base.rb:63:in `start'
  thin (1.5.1) lib/thin/server.rb:159:in `start'
  rack (1.5.2) lib/rack/handler/thin.rb:16:in `run'
  rack (1.5.2) lib/rack/server.rb:264:in `start'
  railties (4.0.2) lib/rails/commands/server.rb:84:in `start'
  railties (4.0.2) lib/rails/commands.rb:76:in `block in <top (required)>'
  railties (4.0.2) lib/rails/commands.rb:71:in `tap'
  railties (4.0.2) lib/rails/commands.rb:71:in `<top (required)>'
  bin/rails:4:in `require'
  bin/rails:4:in `<main>'


I, [2013-12-27T16:30:18.885676 #16486]  INFO -- : Started GET "/assets/application-506974c6b5e804e96808099843e1b5cf.js" for 172.16.100.24 at 2013-12-27 16:30:18 +0000
F, [2013-12-27T16:30:18.887731 #16486] FATAL -- : 
ActionController::RoutingError (No route matches [GET] "/assets/application-506974c6b5e804e96808099843e1b5cf.js"):
  actionpack (4.0.2) lib/action_dispatch/middleware/debug_exceptions.rb:21:in `call'
  actionpack (4.0.2) lib/action_dispatch/middleware/show_exceptions.rb:30:in `call'
  railties (4.0.2) lib/rails/rack/logger.rb:38:in `call_app'
  railties (4.0.2) lib/rails/rack/logger.rb:20:in `block in call'
  activesupport (4.0.2) lib/active_support/tagged_logging.rb:67:in `block in tagged'
  activesupport (4.0.2) lib/active_support/tagged_logging.rb:25:in `tagged'
  activesupport (4.0.2) lib/active_support/tagged_logging.rb:67:in `tagged'
  railties (4.0.2) lib/rails/rack/logger.rb:20:in `call'
  actionpack (4.0.2) lib/action_dispatch/middleware/request_id.rb:21:in `call'
  rack (1.5.2) lib/rack/methodoverride.rb:21:in `call'
  rack (1.5.2) lib/rack/runtime.rb:17:in `call'
  activesupport (4.0.2) lib/active_support/cache/strategy/local_cache.rb:83:in `call'
  rack (1.5.2) lib/rack/sendfile.rb:112:in `call'
  railties (4.0.2) lib/rails/engine.rb:511:in `call'
  railties (4.0.2) lib/rails/application.rb:97:in `call'
  rack (1.5.2) lib/rack/content_length.rb:14:in `call'
  thin (1.5.1) lib/thin/connection.rb:81:in `block in pre_process'
  thin (1.5.1) lib/thin/connection.rb:79:in `catch'
  thin (1.5.1) lib/thin/connection.rb:79:in `pre_process'
  thin (1.5.1) lib/thin/connection.rb:54:in `process'
  thin (1.5.1) lib/thin/connection.rb:39:in `receive_data'
  eventmachine (1.0.3) lib/eventmachine.rb:187:in `run_machine'
  eventmachine (1.0.3) lib/eventmachine.rb:187:in `run'
  thin (1.5.1) lib/thin/backends/base.rb:63:in `start'
  thin (1.5.1) lib/thin/server.rb:159:in `start'
  rack (1.5.2) lib/rack/handler/thin.rb:16:in `run'
  rack (1.5.2) lib/rack/server.rb:264:in `start'
  railties (4.0.2) lib/rails/commands/server.rb:84:in `start'
  railties (4.0.2) lib/rails/commands.rb:76:in `block in <top (required)>'
  railties (4.0.2) lib/rails/commands.rb:71:in `tap'
  railties (4.0.2) lib/rails/commands.rb:71:in `<top (required)>'
  bin/rails:4:in `require'
  bin/rails:4:in `<main>'


